<?xml version="1.0" encoding="UTF-8" ?>
<testsuite errors="1" failures="0" hostname="Pumpkin" name="yennthhe141078.UserManagerTest" skipped="0" tests="1" time="0.0" timestamp="2021-10-18T14:31:58">
  <properties>
    <property name="" value="======" />
    <property name="libs.spring-framework300.classpath" value="E:\netbeans\NetBeans-12.5\netbeans\platform\modules\org-apache-commons-logging.jar;E:\netbeans\NetBeans-12.5\netbeans\java\modules\ext\cglib-2.2.jar;E:\netbeans\NetBeans-12.5\netbeans\java\modules\ext\spring-3.0\spring-aop-3.2.18.RELEASE.jar;E:\netbeans\NetBeans-12.5\netbeans\java\modules\ext\spring-3.0\spring-aspects-3.2.18.RELEASE.jar;E:\netbeans\NetBeans-12.5\netbeans\java\modules\ext\spring-3.0\spring-beans-3.2.18.RELEASE.jar;E:\netbeans\NetBeans-12.5\netbeans\java\modules\ext\spring-3.0\spring-context-3.2.18.RELEASE.jar;E:\netbeans\NetBeans-12.5\netbeans\java\modules\ext\spring-3.0\spring-context-support-3.2.18.RELEASE.jar;E:\netbeans\NetBeans-12.5\netbeans\java\modules\ext\spring-3.0\spring-core-3.2.18.RELEASE.jar;E:\netbeans\NetBeans-12.5\netbeans\java\modules\ext\spring-3.0\spring-expression-3.2.18.RELEASE.jar;E:\netbeans\NetBeans-12.5\netbeans\java\modules\ext\spring-3.0\spring-instrument-3.2.18.RELEASE.jar;E:\netbeans\NetBeans-12.5\netbeans\java\modules\ext\spring-3.0\spring-instrument-tomcat-3.2.18.RELEASE.jar;E:\netbeans\NetBeans-12.5\netbeans\java\modules\ext\spring-3.0\spring-jdbc-3.2.18.RELEASE.jar;E:\netbeans\NetBeans-12.5\netbeans\java\modules\ext\spring-3.0\spring-jms-3.2.18.RELEASE.jar;E:\netbeans\NetBeans-12.5\netbeans\java\modules\ext\spring-3.0\spring-orm-3.2.18.RELEASE.jar;E:\netbeans\NetBeans-12.5\netbeans\java\modules\ext\spring-3.0\spring-oxm-3.2.18.RELEASE.jar;E:\netbeans\NetBeans-12.5\netbeans\java\modules\ext\spring-3.0\spring-struts-3.2.18.RELEASE.jar;E:\netbeans\NetBeans-12.5\netbeans\java\modules\ext\spring-3.0\spring-test-3.2.18.RELEASE.jar;E:\netbeans\NetBeans-12.5\netbeans\java\modules\ext\spring-3.0\spring-tx-3.2.18.RELEASE.jar;E:\netbeans\NetBeans-12.5\netbeans\java\modules\ext\spring-3.0\spring-web-3.2.18.RELEASE.jar;E:\netbeans\NetBeans-12.5\netbeans\java\modules\ext\spring-3.0\spring-webmvc-3.2.18.RELEASE.jar;E:\netbeans\NetBeans-12.5\netbeans\java\modules\ext\spring-3.0\spring-webmvc-portlet-3.2.18.RELEASE.jar" />
    <property name="javac.test.classpath" value="/home/lamvu/Desktop/SWT/mockito-core-4.0.0.jar:/home/lamvu/Desktop/SWT/byte-buddy-1.11.19.jar:/home/lamvu/Desktop/SWT/byte-buddy-agent-1.11.19.jar:/home/lamvu/Desktop/SWT/objenesis-3.2.jar:/home/lamvu/Desktop/SWT/powermock-api-mockito-common-1.6.6.jar:/home/lamvu/Desktop/SWT/mockito-inline-3.8.0.jar:D:\Download\mokito\mockito-core-3.12.4.jar:build/classes:E:\netbeans\NetBeans-12.5\netbeans\platform\modules\ext\junit-4.13.2.jar:E:\netbeans\NetBeans-12.5\netbeans\platform\modules\ext\hamcrest-core-1.3.jar" />
    <property name="java.specification.version" value="17" />
    <property name="libs.spring-framework500.classpath" value="E:\netbeans\NetBeans-12.5\netbeans\platform\modules\org-apache-commons-logging.jar;E:\netbeans\NetBeans-12.5\netbeans\java\modules\ext\cglib-2.2.jar;E:\netbeans\NetBeans-12.5\netbeans\java\modules\ext\spring-5\spring-aop-5.2.9.RELEASE.jar;E:\netbeans\NetBeans-12.5\netbeans\java\modules\ext\spring-5\spring-aspects-5.2.9.RELEASE.jar;E:\netbeans\NetBeans-12.5\netbeans\java\modules\ext\spring-5\spring-beans-5.2.9.RELEASE.jar;E:\netbeans\NetBeans-12.5\netbeans\java\modules\ext\spring-5\spring-context-5.2.9.RELEASE.jar;E:\netbeans\NetBeans-12.5\netbeans\java\modules\ext\spring-5\spring-context-indexer-5.2.9.RELEASE.jar;E:\netbeans\NetBeans-12.5\netbeans\java\modules\ext\spring-5\spring-context-support-5.2.9.RELEASE.jar;E:\netbeans\NetBeans-12.5\netbeans\java\modules\ext\spring-5\spring-core-5.2.9.RELEASE.jar;E:\netbeans\NetBeans-12.5\netbeans\java\modules\ext\spring-5\spring-expression-5.2.9.RELEASE.jar;E:\netbeans\NetBeans-12.5\netbeans\java\modules\ext\spring-5\spring-instrument-5.2.9.RELEASE.jar;E:\netbeans\NetBeans-12.5\netbeans\java\modules\ext\spring-5\spring-jcl-5.2.9.RELEASE.jar;E:\netbeans\NetBeans-12.5\netbeans\java\modules\ext\spring-5\spring-jdbc-5.2.9.RELEASE.jar;E:\netbeans\NetBeans-12.5\netbeans\java\modules\ext\spring-5\spring-jms-5.2.9.RELEASE.jar;E:\netbeans\NetBeans-12.5\netbeans\java\modules\ext\spring-5\spring-messaging-5.2.9.RELEASE.jar;E:\netbeans\NetBeans-12.5\netbeans\java\modules\ext\spring-5\spring-orm-5.2.9.RELEASE.jar;E:\netbeans\NetBeans-12.5\netbeans\java\modules\ext\spring-5\spring-oxm-5.2.9.RELEASE.jar;E:\netbeans\NetBeans-12.5\netbeans\java\modules\ext\spring-5\spring-test-5.2.9.RELEASE.jar;E:\netbeans\NetBeans-12.5\netbeans\java\modules\ext\spring-5\spring-tx-5.2.9.RELEASE.jar;E:\netbeans\NetBeans-12.5\netbeans\java\modules\ext\spring-5\spring-web-5.2.9.RELEASE.jar;E:\netbeans\NetBeans-12.5\netbeans\java\modules\ext\spring-5\spring-webflux-5.2.9.RELEASE.jar;E:\netbeans\NetBeans-12.5\netbeans\java\modules\ext\spring-5\spring-webmvc-5.2.9.RELEASE.jar;E:\netbeans\NetBeans-12.5\netbeans\java\modules\ext\spring-5\spring-websocket-5.2.9.RELEASE.jar" />
    <property name="jar.index.metainf" value="false" />
    <property name="libs.spring-webmvc4.0.javadoc" value="" />
    <property name="libs.spring-framework400.classpath" value="E:\netbeans\NetBeans-12.5\netbeans\platform\modules\org-apache-commons-logging.jar;E:\netbeans\NetBeans-12.5\netbeans\java\modules\ext\cglib-2.2.jar;E:\netbeans\NetBeans-12.5\netbeans\java\modules\ext\spring-4\spring-aop-4.3.29.RELEASE.jar;E:\netbeans\NetBeans-12.5\netbeans\java\modules\ext\spring-4\spring-aspects-4.3.29.RELEASE.jar;E:\netbeans\NetBeans-12.5\netbeans\java\modules\ext\spring-4\spring-beans-4.3.29.RELEASE.jar;E:\netbeans\NetBeans-12.5\netbeans\java\modules\ext\spring-4\spring-context-4.3.29.RELEASE.jar;E:\netbeans\NetBeans-12.5\netbeans\java\modules\ext\spring-4\spring-context-support-4.3.29.RELEASE.jar;E:\netbeans\NetBeans-12.5\netbeans\java\modules\ext\spring-4\spring-core-4.3.29.RELEASE.jar;E:\netbeans\NetBeans-12.5\netbeans\java\modules\ext\spring-4\spring-expression-4.3.29.RELEASE.jar;E:\netbeans\NetBeans-12.5\netbeans\java\modules\ext\spring-4\spring-instrument-4.3.29.RELEASE.jar;E:\netbeans\NetBeans-12.5\netbeans\java\modules\ext\spring-4\spring-instrument-tomcat-4.3.29.RELEASE.jar;E:\netbeans\NetBeans-12.5\netbeans\java\modules\ext\spring-4\spring-jdbc-4.3.29.RELEASE.jar;E:\netbeans\NetBeans-12.5\netbeans\java\modules\ext\spring-4\spring-jms-4.3.29.RELEASE.jar;E:\netbeans\NetBeans-12.5\netbeans\java\modules\ext\spring-4\spring-messaging-4.3.29.RELEASE.jar;E:\netbeans\NetBeans-12.5\netbeans\java\modules\ext\spring-4\spring-orm-4.3.29.RELEASE.jar;E:\netbeans\NetBeans-12.5\netbeans\java\modules\ext\spring-4\spring-oxm-4.3.29.RELEASE.jar;E:\netbeans\NetBeans-12.5\netbeans\java\modules\ext\spring-4\spring-test-4.3.29.RELEASE.jar;E:\netbeans\NetBeans-12.5\netbeans\java\modules\ext\spring-4\spring-tx-4.3.29.RELEASE.jar;E:\netbeans\NetBeans-12.5\netbeans\java\modules\ext\spring-4\spring-web-4.3.29.RELEASE.jar;E:\netbeans\NetBeans-12.5\netbeans\java\modules\ext\spring-4\spring-webmvc-4.3.29.RELEASE.jar;E:\netbeans\NetBeans-12.5\netbeans\java\modules\ext\spring-4\spring-webmvc-portlet-4.3.29.RELEASE.jar;E:\netbeans\NetBeans-12.5\netbeans\java\modules\ext\spring-4\spring-websocket-4.3.29.RELEASE.jar" />
    <property name="test.binaryincludes" value="&lt;nothing&gt;" />
    <property name="do.jlink" value="false" />
    <property name="debug-transport" value="dt_shmem" />
    <property name="libs.javaee-web-api-8.0.src" value="" />
    <property name="java.vendor.url" value="https://java.oracle.com/" />
    <property name="debug.modulepath" value="" />
    <property name="libs.jsp-compilation.src" value="" />
    <property name="ant.file.type.LabPrj6_FruitShopMgmt-impl" value="file" />
    <property name="libs.eclipselink.javadoc" value="E:\netbeans\NetBeans-12.5\netbeans\java\modules\ext\docs\javax.persistence-2.2.1-doc.zip" />
    <property name="libs.JWSAntTasks.javadoc" value="" />
    <property name="sun.boot.library.path" value="E:\JDK\bin" />
    <property name="jdk.debug" value="release" />
    <property name="file.reference.mockito-core-4.0.0.jar" value="/home/lamvu/Desktop/SWT/mockito-core-4.0.0.jar" />
    <property name="libs.spring-framework300.src" value="" />
    <property name="javadoc.use" value="true" />
    <property name="javadoc.notree" value="false" />
    <property name="basedir" value="D:\FU\Fall21\SWT301\PT1_code_update\Fruit-Shop" />
    <property name="application.vendor" value="lamvu" />
    <property name="java.vm.specification.vendor" value="Oracle Corporation" />
    <property name="java.specification.name" value="Java Platform API Specification" />
    <property name="libs.jsf20.classpath" value="E:\netbeans\NetBeans-12.5\netbeans\enterprise\modules\ext\jsf-2_2\javax.faces.jar" />
    <property name="netbeans.extbrowser.manual_chrome_plugin_install" value="yes" />
    <property name="libs.spring-framework500.javadoc" value="" />
    <property name="netbeans.default_userdir_root" value="C:\Users\Pumpkin\AppData\Roaming\NetBeans" />
    <property name="libs.jsp-compilation-syscp.src" value="" />
    <property name="jdk.home" value="E:\JDK" />
    <property name="java.runtime.version" value="17+35-LTS-2724" />
    <property name="libs.eclipselink.maven-pom" value="" />
    <property name="libs.metro.maven-pom" value="" />
    <property name="libs.JAXB-ENDORSED.javadoc" value="" />
    <property name="org.openide.awt.SwingBrowserImpl.do-not-block-awt" value="false" />
    <property name="sun.java2d.noddraw" value="true" />
    <property name="sun.zip.disableMemoryMapping" value="true" />
    <property name="jnidispatch.path" value="C:\Users\Pumpkin\AppData\Local\Temp\jna-1439567688\jna17073283845955355094.dll" />
    <property name="libs.primefaces.javadoc" value="" />
    <property name="libs.jsp-compilation.javadoc" value="" />
    <property name="libs.jsf12.src" value="" />
    <property name="libs.groovy-all.maven-pom" value="" />
    <property name="libs.restapi.src" value="" />
    <property name="libs.junit_5.javadoc" value="E:\netbeans\NetBeans-12.5\netbeans\platform\docs\junit-jupiter-api-5.6.0-javadoc.jar;E:\netbeans\NetBeans-12.5\netbeans\platform\docs\junit-jupiter-params-5.6.0-javadoc.jar;E:\netbeans\NetBeans-12.5\netbeans\platform\docs\junit-jupiter-engine-5.6.0-javadoc.jar" />
    <property name="dist.archive.excludes" value="" />
    <property name="java.io.tmpdir" value="C:\Users\Pumpkin\AppData\Local\Temp\" />
    <property name="java.version" value="17" />
    <property name="libs.jakartaee-api-8.0.javadoc" value="E:\netbeans\NetBeans-12.5\netbeans\enterprise\docs\jakartaee8-doc-api.jar" />
    <property name="java.vm.specification.name" value="Java Virtual Machine Specification" />
    <property name="native.encoding" value="Cp1252" />
    <property name="java.library.path" value="E:\netbeans\NetBeans-12.5\netbeans\bin;C:\WINDOWS\Sun\Java\bin;C:\WINDOWS\system32;C:\WINDOWS;C:\Program Files\Common Files\Oracle\Java\javapath;C:\Program Files\Microsoft MPI\Bin\;C:\WINDOWS\system32;C:\WINDOWS;C:\WINDOWS\System32\Wbem;C:\WINDOWS\System32\WindowsPowerShell\v1.0\;C:\WINDOWS\System32\OpenSSH\;E:\git\Git\cmd;C:\Program Files\dotnet\;C:\Program Files\Microsoft SQL Server\130\Tools\Binn\;C:\Program Files\Microsoft SQL Server\Client SDK\ODBC\170\Tools\Binn\;C:\Program Files (x86)\Microsoft SQL Server\150\Tools\Binn\;C:\Program Files\Microsoft SQL Server\150\Tools\Binn\;C:\Program Files\Microsoft SQL Server\150\DTS\Binn\;C:\Program Files (x86)\Microsoft SQL Server\150\DTS\Binn\;C:\Program Files\Azure Data Studio\bin;C:\Program Files (x86)\Microsoft SQL Server\110\DTS\Binn\;C:\Program Files (x86)\Microsoft SQL Server\120\DTS\Binn\;C:\Program Files (x86)\Microsoft SQL Server\130\DTS\Binn\;C:\Program Files (x86)\Microsoft SQL Server\140\DTS\Binn\;C:\Users\Pumpkin\AppData\Local\Microsoft\WindowsApps;E:\Java\bin\bin;C:\Users\Pumpkin\.dotnet\tools;E:\VisualStudioCode\Microsoft VS Code\bin;C:\Program Files\Azure Data Studio\bin;D:\Download\sonar-scanner-4.6.2.2472-windows\bin;;." />
    <property name="libs.hamcrest.src" value="" />
    <property name="java.vendor" value="Oracle Corporation" />
    <property name="libs.testng.javadoc" value="E:\netbeans\NetBeans-12.5\netbeans\platform\docs\testng-6.13.1-javadoc.jar" />
    <property name="libs.groovy-all.src" value="" />
    <property name="meta.inf.dir" value="src/META-INF" />
    <property name="compile.on.save" value="false" />
    <property name="libs.testng.maven-pom" value="" />
    <property name="org.openide.version" value="deprecated" />
    <property name="run.classpath" value="/home/lamvu/Desktop/SWT/mockito-core-4.0.0.jar:/home/lamvu/Desktop/SWT/byte-buddy-1.11.19.jar:/home/lamvu/Desktop/SWT/byte-buddy-agent-1.11.19.jar:/home/lamvu/Desktop/SWT/objenesis-3.2.jar:/home/lamvu/Desktop/SWT/powermock-api-mockito-common-1.6.6.jar:/home/lamvu/Desktop/SWT/mockito-inline-3.8.0.jar:D:\Download\mokito\mockito-core-3.12.4.jar:build/classes" />
    <property name="libs.jaxb.src" value="" />
    <property name="test.src.dir" value="test" />
    <property name="sun.awt.enableExtraMouseButtons" value="true" />
    <property name="org.openide.major.version" value="IDE/1" />
    <property name="libs.spring-framework300.javadoc" value="" />
    <property name="ap.proc.none.internal" value="" />
    <property name="org.openide.specification.version" value="6.2" />
    <property name="user.timezone" value="Asia/Saigon" />
    <property name="jar.index" value="false" />
    <property name="libs.jpa20-persistence.classpath" value="E:\netbeans\NetBeans-12.5\netbeans\java\modules\ext\eclipselink\javax.persistence-2.2.1.jar" />
    <property name="java.vm.specification.version" value="17" />
    <property name="libs.junit_5.classpath" value="E:\netbeans\NetBeans-12.5\netbeans\platform\modules\ext\junit-jupiter-api-5.6.0.jar;E:\netbeans\NetBeans-12.5\netbeans\platform\modules\ext\junit-jupiter-params-5.6.0.jar;E:\netbeans\NetBeans-12.5\netbeans\platform\modules\ext\junit-jupiter-engine-5.6.0.jar" />
    <property name="libs.eclipselinkmodelgen.javadoc" value="" />
    <property name="javadoc.noindex" value="false" />
    <property name="javadoc.private" value="false" />
    <property name="libs.spring-webmvc4.0.maven-pom" value="" />
    <property name="libs.JAXB-ENDORSED.maven-pom" value="" />
    <property name="user.home" value="C:\Users\Pumpkin" />
    <property name="libs.eclipselinkmodelgen.maven-pom" value="" />
    <property name="have.sources" value="true" />
    <property name="annotation.processing.processors.list" value="" />
    <property name="jlink.launcher" value="false" />
    <property name="javac.deprecation" value="false" />
    <property name="build.generated.sources.dir" value="build/generated-sources" />
    <property name="plugin.manager.check.updates" value="false" />
    <property name="netbeans.autoupdate.language" value="en" />
    <property name="build.compiler.emacs" value="true" />
    <property name="libs.eclipselinkmodelgen.src" value="" />
    <property name="build.classes.excludes" value="**/*.java,**/*.form" />
    <property name="dist.jar" value="dist/LabPrj6_FruitShopMgmt.jar" />
    <property name="libs.jakartaee-web-api-9.0.classpath" value="E:\netbeans\NetBeans-12.5\netbeans\enterprise\modules\ext\jakarta.jakartaee-web-api-9.0.0.jar" />
    <property name="libs.spring-webmvc4.0.classpath" value="E:\netbeans\NetBeans-12.5\netbeans\java\modules\ext\spring-4\spring-webmvc-4.3.29.RELEASE.jar" />
    <property name="libs.javaee-endorsed-api-7.0.javadoc" value="E:\netbeans\NetBeans-12.5\netbeans\enterprise\docs\javaee-doc-api.jar" />
    <property name="os.version" value="10.0" />
    <property name="netbeans.home" value="E:\netbeans\NetBeans-12.5\netbeans\platform" />
    <property name="libs.CopyLibs.javadoc" value="" />
    <property name="debug-transport-by-os" value="dt_shmem" />
    <property name="libs.jsf20.src" value="" />
    <property name="libs.javaee-api-8.0.javadoc" value="E:\netbeans\NetBeans-12.5\netbeans\enterprise\docs\javaee-doc-api.jar" />
    <property name="java.vm.name" value="Java HotSpot(TM) 64-Bit Server VM" />
    <property name="libs.jstl.javadoc" value="E:\netbeans\NetBeans-12.5\netbeans\enterprise\docs\javaee-doc-api.jar" />
    <property name="libs.javaee-endorsed-api-7.0.maven-pom" value="" />
    <property name="libs.jaxws21.classpath" value="E:\netbeans\NetBeans-12.5\netbeans\ide\modules\ext\jaxb\jaxb-impl.jar;E:\netbeans\NetBeans-12.5\netbeans\ide\modules\ext\jaxb\jaxb-xjc.jar;E:\netbeans\NetBeans-12.5\netbeans\java\modules\ext\jaxws22\FastInfoset.jar;E:\netbeans\NetBeans-12.5\netbeans\java\modules\ext\jaxws22\gmbal-api-only.jar;E:\netbeans\NetBeans-12.5\netbeans\java\modules\ext\jaxws22\ha-api.jar;E:\netbeans\NetBeans-12.5\netbeans\java\modules\ext\jaxws22\javax.mail_1.4.jar;E:\netbeans\NetBeans-12.5\netbeans\java\modules\ext\jaxws22\jaxws-rt.jar;E:\netbeans\NetBeans-12.5\netbeans\java\modules\ext\jaxws22\jaxws-tools.jar;E:\netbeans\NetBeans-12.5\netbeans\java\modules\ext\jaxws22\management-api.jar;E:\netbeans\NetBeans-12.5\netbeans\java\modules\ext\jaxws22\mimepull.jar;E:\netbeans\NetBeans-12.5\netbeans\java\modules\ext\jaxws22\policy.jar;E:\netbeans\NetBeans-12.5\netbeans\java\modules\ext\jaxws22\saaj-impl.jar;E:\netbeans\NetBeans-12.5\netbeans\java\modules\ext\jaxws22\stax-ex.jar;E:\netbeans\NetBeans-12.5\netbeans\java\modules\ext\jaxws22\stax2-api.jar;E:\netbeans\NetBeans-12.5\netbeans\java\modules\ext\jaxws22\streambuffer.jar;E:\netbeans\NetBeans-12.5\netbeans\java\modules\ext\jaxws22\woodstox-core-asl.jar;E:\netbeans\NetBeans-12.5\netbeans\java\modules\ext\jaxws22\api\jaxws-api.jar;E:\netbeans\NetBeans-12.5\netbeans\java\modules\ext\jaxws22\api\jsr181-api.jar;E:\netbeans\NetBeans-12.5\netbeans\java\modules\ext\jaxws22\api\javax.annotation.jar;E:\netbeans\NetBeans-12.5\netbeans\java\modules\ext\jaxws22\api\saaj-api.jar;E:\netbeans\NetBeans-12.5\netbeans\ide\modules\ext\jaxb\activation.jar;E:\netbeans\NetBeans-12.5\netbeans\ide\modules\ext\jaxb\api\jaxb-api.jar" />
    <property name="libs.restapi.classpath" value="E:\netbeans\NetBeans-12.5\netbeans\enterprise\modules\ext\jaxrs-2.1\jakarta.ws.rs-api-2.1.6.jar" />
    <property name="os.arch" value="amd64" />
    <property name="build.generated.dir" value="build/generated" />
    <property name="libs.groovy-all.javadoc" value="" />
    <property name="libs.jakartaee-api-8.0.classpath" value="E:\netbeans\NetBeans-12.5\netbeans\enterprise\modules\ext\jakarta.jakartaee-api-8.0.0.jar" />
    <property name="libs.javaee-web-api-7.0.javadoc" value="E:\netbeans\NetBeans-12.5\netbeans\enterprise\docs\javaee-doc-api.jar" />
    <property name="libs.javaee-endorsed-api-6.0.src" value="" />
    <property name="libs.jsf12.maven-pom" value="" />
    <property name="libs.javaee-endorsed-api-7.0.classpath" value="E:\netbeans\NetBeans-12.5\netbeans\enterprise\modules\ext\javaee7-endorsed\javax.annotation-api.jar;E:\netbeans\NetBeans-12.5\netbeans\enterprise\modules\ext\javaee7-endorsed\javax.xml.soap-api.jar;E:\netbeans\NetBeans-12.5\netbeans\enterprise\modules\ext\javaee7-endorsed\jaxb-api-osgi.jar;E:\netbeans\NetBeans-12.5\netbeans\enterprise\modules\ext\javaee7-endorsed\jaxws-api.jar;E:\netbeans\NetBeans-12.5\netbeans\enterprise\modules\ext\javaee7-endorsed\jsr181-api.jar" />
    <property name="libs.primefaces.maven-pom" value="" />
    <property name="org.netbeans.io.suspend" value="0" />
    <property name="jpda.address" value="javadebug" />
    <property name="ant.project.name" value="LabPrj6_FruitShopMgmt" />
    <property name="dist.javadoc.dir" value="dist/javadoc" />
    <property name="default.javac.target" value="17" />
    <property name="javac.fork" value="true" />
    <property name="ant.file.LabPrj6_FruitShopMgmt" value="D:\FU\Fall21\SWT301\PT1_code_update\Fruit-Shop\build.xml" />
    <property name="libs.eclipselink.classpath" value="E:\netbeans\NetBeans-12.5\netbeans\java\modules\ext\eclipselink\org.eclipse.persistence.core-2.7.7.jar;E:\netbeans\NetBeans-12.5\netbeans\java\modules\ext\eclipselink\org.eclipse.persistence.asm-2.7.7.jar;E:\netbeans\NetBeans-12.5\netbeans\java\modules\ext\eclipselink\org.eclipse.persistence.antlr-2.7.7.jar;E:\netbeans\NetBeans-12.5\netbeans\java\modules\ext\eclipselink\org.eclipse.persistence.jpa-2.7.7.jar;E:\netbeans\NetBeans-12.5\netbeans\java\modules\ext\eclipselink\org.eclipse.persistence.jpa.jpql-2.7.7.jar;E:\netbeans\NetBeans-12.5\netbeans\java\modules\ext\eclipselink\org.eclipse.persistence.moxy-2.7.7.jar;E:\netbeans\NetBeans-12.5\netbeans\java\modules\ext\eclipselink\javax.persistence-2.2.1.jar" />
    <property name="libs.struts.classpath" value="E:\netbeans\NetBeans-12.5\netbeans\enterprise\modules\ext\struts\antlr-2.7.2.jar;E:\netbeans\NetBeans-12.5\netbeans\enterprise\modules\ext\struts\bsf-2.3.0.jar;E:\netbeans\NetBeans-12.5\netbeans\enterprise\modules\ext\struts\commons-beanutils-1.8.0.jar;E:\netbeans\NetBeans-12.5\netbeans\enterprise\modules\ext\struts\commons-chain-1.2.jar;E:\netbeans\NetBeans-12.5\netbeans\enterprise\modules\ext\struts\commons-digester-1.8.jar;E:\netbeans\NetBeans-12.5\netbeans\enterprise\modules\ext\struts\commons-fileupload-1.1.1.jar;E:\netbeans\NetBeans-12.5\netbeans\enterprise\modules\ext\struts\commons-io-1.1.jar;E:\netbeans\NetBeans-12.5\netbeans\enterprise\modules\ext\struts\commons-logging-1.0.4.jar;E:\netbeans\NetBeans-12.5\netbeans\enterprise\modules\ext\struts\commons-validator-1.3.1.jar;E:\netbeans\NetBeans-12.5\netbeans\enterprise\modules\ext\struts\jstl-1.0.2.jar;E:\netbeans\NetBeans-12.5\netbeans\enterprise\modules\ext\struts\oro-2.0.8.jar;E:\netbeans\NetBeans-12.5\netbeans\enterprise\modules\ext\struts\standard-1.0.6.jar;E:\netbeans\NetBeans-12.5\netbeans\enterprise\modules\ext\struts\struts-core-1.3.10.jar;E:\netbeans\NetBeans-12.5\netbeans\enterprise\modules\ext\struts\struts-el-1.3.10.jar;E:\netbeans\NetBeans-12.5\netbeans\enterprise\modules\ext\struts\struts-extras-1.3.10.jar;E:\netbeans\NetBeans-12.5\netbeans\enterprise\modules\ext\struts\struts-faces-1.3.10.jar;E:\netbeans\NetBeans-12.5\netbeans\enterprise\modules\ext\struts\struts-mailreader-dao-1.3.10.jar;E:\netbeans\NetBeans-12.5\netbeans\enterprise\modules\ext\struts\struts-scripting-1.3.10.jar;E:\netbeans\NetBeans-12.5\netbeans\enterprise\modules\ext\struts\struts-taglib-1.3.10.jar;E:\netbeans\NetBeans-12.5\netbeans\enterprise\modules\ext\struts\struts-tiles-1.3.10.jar" />
    <property name="libs.PostgreSQLDriver.maven-pom" value="" />
    <property name="libs.absolutelayout.src" value="" />
    <property name="testng.mode" value="testng" />
    <property name="annotation.processing.enabled.in.editor" value="false" />
    <property name="java.vm.compressedOopsMode" value="Zero based" />
    <property name="netbeans.productversion" value="Apache NetBeans IDE 12.5" />
    <property name="mkdist.disabled" value="false" />
    <property name="libs.javaee-web-api-6.0.javadoc" value="E:\netbeans\NetBeans-12.5\netbeans\enterprise\docs\javaee-doc-api.jar" />
    <property name="libs.javaee-api-7.0.maven-pom" value="" />
    <property name="libs.groovy-all.classpath" value="E:\netbeans\NetBeans-12.5\netbeans\groovy\modules\ext\groovy-3.0.8.jar;E:\netbeans\NetBeans-12.5\netbeans\groovy\modules\ext\groovy-ant-3.0.8.jar" />
    <property name="libs.absolutelayout.javadoc" value="" />
    <property name="annotation.processing.processor.options" value="" />
    <property name="libs.jaxb.maven-pom" value="" />
    <property name="libs.javaee-api-6.0.maven-pom" value="" />
    <property name="dist.dir" value="dist" />
    <property name="build.dir" value="build" />
    <property name="libs.graaljs.maven-pom" value="" />
    <property name="netbeans.autoupdate.variant" value="" />
    <property name="javadoc.version" value="false" />
    <property name="libs.metro.classpath" value="E:\netbeans\NetBeans-12.5\netbeans\ide\modules\ext\jaxb\activation.jar;E:\netbeans\NetBeans-12.5\netbeans\enterprise\modules\ext\metro\webservices-api.jar;E:\netbeans\NetBeans-12.5\netbeans\enterprise\modules\ext\metro\webservices-extra-api.jar;E:\netbeans\NetBeans-12.5\netbeans\enterprise\modules\ext\metro\webservices-extra.jar;E:\netbeans\NetBeans-12.5\netbeans\enterprise\modules\ext\metro\webservices-rt.jar;E:\netbeans\NetBeans-12.5\netbeans\enterprise\modules\ext\metro\webservices-tools.jar" />
    <property name="libs.metro.src" value="" />
    <property name="libs.CopyLibs.classpath" value="E:\netbeans\NetBeans-12.5\netbeans\java\ant\extra\org-netbeans-modules-java-j2seproject-copylibstask.jar" />
    <property name="sun.os.patch.level" value="" />
    <property name="javadoc.html5" value="false" />
    <property name="javac.test.processorpath" value="/home/lamvu/Desktop/SWT/mockito-core-4.0.0.jar:/home/lamvu/Desktop/SWT/byte-buddy-1.11.19.jar:/home/lamvu/Desktop/SWT/byte-buddy-agent-1.11.19.jar:/home/lamvu/Desktop/SWT/objenesis-3.2.jar:/home/lamvu/Desktop/SWT/powermock-api-mockito-common-1.6.6.jar:/home/lamvu/Desktop/SWT/mockito-inline-3.8.0.jar:D:\Download\mokito\mockito-core-3.12.4.jar:build/classes:E:\netbeans\NetBeans-12.5\netbeans\platform\modules\ext\junit-4.13.2.jar:E:\netbeans\NetBeans-12.5\netbeans\platform\modules\ext\hamcrest-core-1.3.jar" />
    <property name="libs.javaee-web-api-7.0.maven-pom" value="" />
    <property name="libs.javaee-web-api-8.0.maven-pom" value="" />
    <property name="netbeans.dirs" value="E:\netbeans\NetBeans-12.5\netbeans\nb;E:\netbeans\NetBeans-12.5\netbeans\ergonomics;E:\netbeans\NetBeans-12.5\netbeans\ide;E:\netbeans\NetBeans-12.5\netbeans\extide;E:\netbeans\NetBeans-12.5\netbeans\java;E:\netbeans\NetBeans-12.5\netbeans\apisupport;E:\netbeans\NetBeans-12.5\netbeans\webcommon;E:\netbeans\NetBeans-12.5\netbeans\websvccommon;E:\netbeans\NetBeans-12.5\netbeans\enterprise;E:\netbeans\NetBeans-12.5\netbeans\mobility;E:\netbeans\NetBeans-12.5\netbeans\profiler;E:\netbeans\NetBeans-12.5\netbeans\python;E:\netbeans\NetBeans-12.5\netbeans\php;E:\netbeans\NetBeans-12.5\netbeans\identity;E:\netbeans\NetBeans-12.5\netbeans\harness;E:\netbeans\NetBeans-12.5\netbeans\cnd;E:\netbeans\NetBeans-12.5\netbeans\cndext;E:\netbeans\NetBeans-12.5\netbeans\cpplite;E:\netbeans\NetBeans-12.5\netbeans\dlight;E:\netbeans\NetBeans-12.5\netbeans\groovy;E:\netbeans\NetBeans-12.5\netbeans\extra;E:\netbeans\NetBeans-12.5\netbeans\javacard;E:\netbeans\NetBeans-12.5\netbeans\javafx" />
    <property name="libs.hamcrest.maven-pom" value="" />
    <property name="javac.processorpath" value="/home/lamvu/Desktop/SWT/mockito-core-4.0.0.jar:/home/lamvu/Desktop/SWT/byte-buddy-1.11.19.jar:/home/lamvu/Desktop/SWT/byte-buddy-agent-1.11.19.jar:/home/lamvu/Desktop/SWT/objenesis-3.2.jar:/home/lamvu/Desktop/SWT/powermock-api-mockito-common-1.6.6.jar:/home/lamvu/Desktop/SWT/mockito-inline-3.8.0.jar:D:\Download\mokito\mockito-core-3.12.4.jar" />
    <property name="libs.javaee-api-6.0.javadoc" value="E:\netbeans\NetBeans-12.5\netbeans\enterprise\docs\javaee-doc-api.jar" />
    <property name="libs.JWSAntTasks.maven-pom" value="" />
    <property name="run.modulepath" value="" />
    <property name="do.archive+manifest.available" value="true" />
    <property name="file.reference.byte-buddy-agent-1.11.19.jar" value="/home/lamvu/Desktop/SWT/byte-buddy-agent-1.11.19.jar" />
    <property name="apple.laf.useScreenMenuBar" value="true" />
    <property name="file.reference.mockito-inline-3.8.0.jar" value="/home/lamvu/Desktop/SWT/mockito-inline-3.8.0.jar" />
    <property name="user.country" value="US" />
    <property name="libs.jakartaee-api-9.0.maven-pom" value="" />
    <property name="libs.jpa20-persistence.src" value="" />
    <property name="libs.restapi.javadoc" value="" />
    <property name="endorsed.classpath" value="" />
    <property name="javac.test.sourcepath" value="D:\FU\Fall21\SWT301\PT1_code_update\Fruit-Shop\build\empty" />
    <property name="libs.spring-webmvc3.0.maven-pom" value="" />
    <property name="includes" value="**" />
    <property name="libs.jsf12.javadoc" value="E:\netbeans\NetBeans-12.5\netbeans\enterprise\docs\javaee-doc-api.jar" />
    <property name="libs.hamcrest.classpath" value="E:\netbeans\NetBeans-12.5\netbeans\platform\modules\ext\hamcrest-core-1.3.jar" />
    <property name="javadoc.splitindex" value="true" />
    <property name="libs.JWSAntTasks.classpath" value="E:\netbeans\NetBeans-12.5\netbeans\java\ant\extra\org-netbeans-modules-javawebstart-anttasks.jar" />
    <property name="junit.available" value="true" />
    <property name="javac.processormodulepath" value="" />
    <property name="javadoc.encoding" value="UTF-8" />
    <property name="netbeans.hash.code" value="unique=NB_EXTIDE_JAVA_PHP_WEBCOMMON_WEBEE004e5791f-9cfe-4456-957a-55435b96c210_69442997-82f0-4e5e-b550-c350d827c59e" />
    <property name="libs.jstl.src" value="" />
    <property name="libs.jsp-compilation-syscp.maven-pom" value="" />
    <property name="jlink.strip" value="false" />
    <property name="libs.spring-webmvc3.0.classpath" value="E:\netbeans\NetBeans-12.5\netbeans\java\modules\ext\spring-3.0\spring-webmvc-3.2.18.RELEASE.jar" />
    <property name="java.runtime.name" value="Java(TM) SE Runtime Environment" />
    <property name="manifest.available" value="true" />
    <property name="libs.jaxb.javadoc" value="E:\netbeans\NetBeans-12.5\netbeans\ide\docs\jaxb-api-doc.jar" />
    <property name="libs.spring-framework500.maven-pom" value="" />
    <property name="run.jvmargs.ide" value="" />
    <property name="ant.core.lib" value="E:\netbeans\NetBeans-12.5\netbeans\extide\ant\lib\ant.jar" />
    <property name="libs.jsp-compilation.maven-pom" value="" />
    <property name="javac.profile.cmd.line.arg" value="" />
    <property name="libs.jakartaee-api-9.0.classpath" value="E:\netbeans\NetBeans-12.5\netbeans\enterprise\modules\ext\jakarta.jakartaee-api-9.0.0.jar" />
    <property name="application.title" value="LabPrj6_FruitShopMgmt" />
    <property name="&gt;&gt;&gt;&gt;&gt;&gt;&gt;" value="bc0e8871c0f413bb30ae871bfad5a29cb5bd3ada" />
    <property name="do.archive+main.class.available" value="true" />
    <property name="javac.test.modulepath" value="" />
    <property name="libs.PostgreSQLDriver.javadoc" value="" />
    <property name="libs.jsp-compilation-syscp.classpath" value="E:\netbeans\NetBeans-12.5\netbeans\extide\ant\lib\ant.jar;E:\netbeans\NetBeans-12.5\netbeans\enterprise\modules\ext\servlet3.1-jsp2.3-api.jar;E:\netbeans\NetBeans-12.5\netbeans\enterprise\modules\ext\glassfish-jspparser-4.0.jar;E:\netbeans\NetBeans-12.5\netbeans\enterprise\modules\ext\jstl-impl.jar;E:\netbeans\NetBeans-12.5\netbeans\enterprise\modules\ext\jsf-2_2\javax.faces.jar" />
    <property name="libs.jsp-compilation.classpath" value="E:\netbeans\NetBeans-12.5\netbeans\extide\ant\lib\ant.jar;E:\netbeans\NetBeans-12.5\netbeans\enterprise\modules\ext\servlet3.1-jsp2.3-api.jar;E:\netbeans\NetBeans-12.5\netbeans\enterprise\modules\ext\glassfish-jspparser-4.0.jar;E:\netbeans\NetBeans-12.5\netbeans\enterprise\modules\ext\jsf-2_2\javax.faces.jar;E:\netbeans\NetBeans-12.5\netbeans\enterprise\modules\ext\jstl-api.jar;E:\netbeans\NetBeans-12.5\netbeans\extide\ant\lib\ant-launcher.jar" />
    <property name="libs.javaee-api-6.0.classpath" value="E:\netbeans\NetBeans-12.5\netbeans\enterprise\modules\ext\javaee-api-6.0.jar" />
    <property name="javac.includesfile.binary" value="D:\FU\Fall21\SWT301\PT1_code_update\Fruit-Shop\null376314054" />
    <property name="libs.javaee-api-7.0.classpath" value="E:\netbeans\NetBeans-12.5\netbeans\enterprise\modules\ext\javaee-api-7.0.jar" />
    <property name="sun.cpu.isalist" value="amd64" />
    <property name="libs.restapi.maven-pom" value="" />
    <property name="do.depend" value="false" />
    <property name="javadoc.preview" value="true" />
    <property name="sun.arch.data.model" value="64" />
    <property name="libs.jakartaee-web-api-9.0.maven-pom" value="" />
    <property name="nb.show.statistics.ui" value="usageStatisticsEnabled" />
    <property name="libs.javaee-endorsed-api-7.0.src" value="" />
    <property name="annotation.processing.enabled" value="true" />
    <property name="libs.junit_5.src" value="E:\netbeans\NetBeans-12.5\netbeans\platform\docs\junit-jupiter-api-5.6.0-sources.jar;E:\netbeans\NetBeans-12.5\netbeans\platform\docs\junit-jupiter-params-5.6.0-sources.jar;E:\netbeans\NetBeans-12.5\netbeans\platform\docs\junit-jupiter-engine-5.6.0-sources.jar" />
    <property name="libs.jaxb.classpath" value="E:\netbeans\NetBeans-12.5\netbeans\ide\modules\ext\jaxb\jaxb-impl.jar;E:\netbeans\NetBeans-12.5\netbeans\ide\modules\ext\jaxb\jaxb-xjc.jar;E:\netbeans\NetBeans-12.5\netbeans\ide\modules\ext\jaxb\activation.jar;E:\netbeans\NetBeans-12.5\netbeans\ide\modules\ext\jaxb\api\jaxb-api.jar" />
    <property name="libs.javaee-api-8.0.classpath" value="E:\netbeans\NetBeans-12.5\netbeans\enterprise\modules\ext\javaee-api-8.0.jar" />
    <property name="libs.CopyLibs.src" value="" />
    <property name="javac.source" value="1.8" />
    <property name="java.specification.vendor" value="Oracle Corporation" />
    <property name="java.version.date" value="2021-09-14" />
    <property name="java.home" value="E:\JDK" />
    <property name="work.dir" value="D:\FU\Fall21\SWT301\PT1_code_update\Fruit-Shop" />
    <property name="javac.test.compilerargs" value="" />
    <property name="jna.boot.library.name" value="jnidispatch-nb" />
    <property name="libs.PostgreSQLDriver.classpath" value="E:\netbeans\NetBeans-12.5\netbeans\ide\modules\ext\postgresql-42.2.16.jar" />
    <property name="libs.graaljs.javadoc" value="" />
    <property name="libs.spring-webmvc3.0.javadoc" value="" />
    <property name="libs.JAXB-ENDORSED.src" value="" />
    <property name="user.script" value="" />
    <property name="manifest.encoding" value="UTF-8" />
    <property name="libs.spring-framework400.src" value="" />
    <property name="sun.management.compiler" value="HotSpot 64-Bit Tiered Compilers" />
    <property name="run.test.modulepath" value="" />
    <property name="libs.graaljs.classpath" value="E:\netbeans\NetBeans-12.5\netbeans\webcommon\modules\ext\js-20.3.0.jar;E:\netbeans\NetBeans-12.5\netbeans\webcommon\modules\ext\js-launcher-20.3.0.jar;E:\netbeans\NetBeans-12.5\netbeans\webcommon\modules\ext\regex-20.3.0.jar;E:\netbeans\NetBeans-12.5\netbeans\webcommon\modules\ext\icu4j-67.1.jar;E:\netbeans\NetBeans-12.5\netbeans\ide\modules\ext\graal-sdk-20.3.0.jar;E:\netbeans\NetBeans-12.5\netbeans\ide\modules\ext\launcher-common-20.3.0.jar;E:\netbeans\NetBeans-12.5\netbeans\ide\modules\ext\truffle-api-20.3.0.jar" />
    <property name="libs.javaee-web-api-6.0.classpath" value="E:\netbeans\NetBeans-12.5\netbeans\enterprise\modules\ext\javaee-web-api-6.0.jar" />
    <property name="libs.jsp-compiler.javadoc" value="" />
    <property name="debug.test.modulepath" value="" />
    <property name="libs.javaee-web-api-7.0.classpath" value="E:\netbeans\NetBeans-12.5\netbeans\enterprise\modules\ext\javaee-web-api-7.0.jar" />
    <property name="file.encoding" value="Cp1252" />
    <property name="java.util.logging.config.class" value="org.netbeans.core.startup.TopLogging" />
    <property name="https.nonProxyHosts" value="localhost|127.0.0.1|Pumpkin" />
    <property name="libs.restlib.javadoc" value="" />
    <property name="libs.absolutelayout.classpath" value="E:\netbeans\NetBeans-12.5\netbeans\java\modules\ext\AbsoluteLayout.jar" />
    <property name="do.archive" value="true" />
    <property name="libs.struts.maven-pom" value="" />
    <property name="built-jar.properties" value="D:\FU\Fall21\SWT301\PT1_code_update\Fruit-Shop\build\built-jar.properties" />
    <property name="nb.native.filechooser" value="false" />
    <property name="libs.testng.src" value="" />
    <property name="file.reference.objenesis-3.2.jar" value="/home/lamvu/Desktop/SWT/objenesis-3.2.jar" />
    <property name="platform.active" value="default_platform" />
    <property name="libs.javaee-web-api-8.0.classpath" value="E:\netbeans\NetBeans-12.5\netbeans\enterprise\modules\ext\javaee-web-api-8.0.jar" />
    <property name="manifest.file" value="manifest.mf" />
    <property name="sun.io.unicode.encoding" value="UnicodeLittle" />
    <property name="&lt;&lt;&lt;&lt;&lt;&lt;&lt;" value="HEAD" />
    <property name="libs.struts.javadoc" value="E:\netbeans\NetBeans-12.5\netbeans\enterprise\docs\struts-1.3.10-javadoc.zip" />
    <property name="default.javac.source" value="17" />
    <property name="netbeans.dynamic.classpath" value="E:\netbeans\NetBeans-12.5\netbeans\platform\core\asm-9.2.jar;E:\netbeans\NetBeans-12.5\netbeans\platform\core\asm-commons-9.2.jar;E:\netbeans\NetBeans-12.5\netbeans\platform\core\asm-tree-9.2.jar;E:\netbeans\NetBeans-12.5\netbeans\platform\core\core-base.jar;E:\netbeans\NetBeans-12.5\netbeans\platform\core\core.jar;E:\netbeans\NetBeans-12.5\netbeans\platform\core\org-netbeans-libs-asm.jar;E:\netbeans\NetBeans-12.5\netbeans\platform\core\org-openide-filesystems-compat8.jar;E:\netbeans\NetBeans-12.5\netbeans\platform\core\org-openide-filesystems.jar;E:\netbeans\NetBeans-12.5\netbeans\nb\core\org-netbeans-upgrader.jar;E:\netbeans\NetBeans-12.5\netbeans\nb\core\locale\core_nb.jar" />
    <property name="libs.javaee-web-api-8.0.javadoc" value="E:\netbeans\NetBeans-12.5\netbeans\enterprise\docs\javaee-doc-api.jar" />
    <property name="libs.eclipselinkmodelgen.classpath" value="E:\netbeans\NetBeans-12.5\netbeans\java\modules\ext\eclipselink\org.eclipse.persistence.jpa.modelgen.processor-2.7.7.jar" />
    <property name="netbeans.buildnumber" value="12.5-fd523ddc12d6156412d7b81f0c8663d8913d1021" />
    <property name="endorsed.classpath.cmd.line.arg" value="" />
    <property name="libs.jpa20-persistence.maven-pom" value="" />
    <property name="file.reference.byte-buddy-1.11.19.jar" value="/home/lamvu/Desktop/SWT/byte-buddy-1.11.19.jar" />
    <property name="build.sysclasspath" value="ignore" />
    <property name="os.name" value="Windows 10" />
    <property name="libs.CopyLibs.maven-pom" value="" />
    <property name="libs.jakartaee-api-8.0.maven-pom" value="" />
    <property name="jdkBug6558476" value="false" />
    <property name="javadoc.author" value="false" />
    <property name="http.nonProxyHosts" value="localhost|127.0.0.1|Pumpkin" />
    <property name="main.class" value="MainApp" />
    <property name="libs.jsp-compilation-syscp.javadoc" value="" />
    <property name="source.encoding" value="UTF-8" />
    <property name="jar.compress" value="false" />
    <property name="libs.javaee-api-7.0.javadoc" value="E:\netbeans\NetBeans-12.5\netbeans\enterprise\docs\javaee-doc-api.jar" />
    <property name="ant.file.LabPrj6_FruitShopMgmt-impl" value="D:\FU\Fall21\SWT301\PT1_code_update\Fruit-Shop\nbproject\build-impl.xml" />
    <property name="libs.spring-webmvc5.0.src" value="" />
    <property name="libs.jsf20.maven-pom" value="" />
    <property name="libs.restlib.classpath" value="E:\netbeans\NetBeans-12.5\netbeans\enterprise\modules\ext\jersey2\ext\jakarta.annotation-api-1.3.5.jar;E:\netbeans\NetBeans-12.5\netbeans\enterprise\modules\ext\jersey2\ext\jakarta.persistence-api-2.2.3.jar;E:\netbeans\NetBeans-12.5\netbeans\enterprise\modules\ext\jersey2\ext\jakarta.servlet-api-4.0.4.jar;E:\netbeans\NetBeans-12.5\netbeans\enterprise\modules\ext\jersey2\ext\jakarta.validation-api-2.0.2.jar;E:\netbeans\NetBeans-12.5\netbeans\enterprise\modules\ext\jersey2\ext\jakarta.xml.bind-api-2.3.3.jar;E:\netbeans\NetBeans-12.5\netbeans\enterprise\modules\ext\jersey2\jersey-client.jar;E:\netbeans\NetBeans-12.5\netbeans\enterprise\modules\ext\jersey2\jersey-common.jar;E:\netbeans\NetBeans-12.5\netbeans\enterprise\modules\ext\jersey2\jersey-server.jar;E:\netbeans\NetBeans-12.5\netbeans\enterprise\modules\ext\jersey2\ext\jersey-entity-filtering-2.34.jar;E:\netbeans\NetBeans-12.5\netbeans\enterprise\modules\ext\jersey2\ext\jersey-hk2-2.34.jar;E:\netbeans\NetBeans-12.5\netbeans\enterprise\modules\ext\jersey2\ext\jersey-media-moxy-2.34.jar;E:\netbeans\NetBeans-12.5\netbeans\enterprise\modules\ext\jersey2\jersey-container-servlet.jar;E:\netbeans\NetBeans-12.5\netbeans\enterprise\modules\ext\jersey2\jersey-container-servlet-core.jar;E:\netbeans\NetBeans-12.5\netbeans\enterprise\modules\ext\jersey2\ext\hk2-api-2.6.1.jar;E:\netbeans\NetBeans-12.5\netbeans\enterprise\modules\ext\jersey2\ext\hk2-locator-2.6.1.jar;E:\netbeans\NetBeans-12.5\netbeans\enterprise\modules\ext\jersey2\ext\hk2-utils-2.6.1.jar;E:\netbeans\NetBeans-12.5\netbeans\enterprise\modules\ext\jersey2\ext\jakarta.inject-2.6.1.jar;E:\netbeans\NetBeans-12.5\netbeans\enterprise\modules\ext\jersey2\ext\aopalliance-repackaged-2.6.1.jar;E:\netbeans\NetBeans-12.5\netbeans\enterprise\modules\ext\jersey2\ext\osgi.core-8.0.0.jar;E:\netbeans\NetBeans-12.5\netbeans\enterprise\modules\ext\jersey2\ext\osgi-resource-locator-1.0.3.jar;E:\netbeans\NetBeans-12.5\netbeans\java\modules\ext\eclipselink\org.eclipse.persistence.core-2.7.7.jar;E:\netbeans\NetBeans-12.5\netbeans\java\modules\ext\eclipselink\org.eclipse.persistence.asm-2.7.7.jar;E:\netbeans\NetBeans-12.5\netbeans\java\modules\ext\eclipselink\org.eclipse.persistence.antlr-2.7.7.jar;E:\netbeans\NetBeans-12.5\netbeans\java\modules\ext\eclipselink\org.eclipse.persistence.jpa-2.7.7.jar;E:\netbeans\NetBeans-12.5\netbeans\java\modules\ext\eclipselink\org.eclipse.persistence.jpa.jpql-2.7.7.jar;E:\netbeans\NetBeans-12.5\netbeans\java\modules\ext\eclipselink\org.eclipse.persistence.moxy-2.7.7.jar" />
    <property name="libs.jakartaee-web-api-8.0.javadoc" value="E:\netbeans\NetBeans-12.5\netbeans\enterprise\docs\jakartaee8-doc-api.jar" />
    <property name="apple.awt.graphics.UseQuartz" value="true" />
    <property name="libs.graaljs.src" value="" />
    <property name="run.jvmargs" value="" />
    <property name="libs.primefaces.src" value="" />
    <property name="ant.file" value="D:\FU\Fall21\SWT301\PT1_code_update\Fruit-Shop\build.xml" />
    <property name="libs.struts.src" value="" />
    <property name="path.separator" value=";" />
    <property name="libs.JAXB-ENDORSED.classpath" value="E:\netbeans\NetBeans-12.5\netbeans\ide\modules\ext\jaxb\api\jaxb-api.jar" />
    <property name="libs.restlib.src" value="" />
    <property name="build.test.results.dir" value="build/test/results" />
    <property name="libs.jaxws21.javadoc" value="E:\netbeans\NetBeans-12.5\netbeans\java\docs\jaxws-api-doc.zip" />
    <property name="libs.javaee-endorsed-api-6.0.javadoc" value="E:\netbeans\NetBeans-12.5\netbeans\enterprise\docs\javaee-doc-api.jar" />
    <property name="libs.spring-framework400.maven-pom" value="" />
    <property name="ap.processors.internal" value="" />
    <property name="libs.jsf12.classpath" value="E:\netbeans\NetBeans-12.5\netbeans\enterprise\modules\ext\jsf-1_2\jsf-api.jar;E:\netbeans\NetBeans-12.5\netbeans\enterprise\modules\ext\jsf-1_2\jsf-impl.jar" />
    <property name="libs.spring-webmvc5.0.javadoc" value="" />
    <property name="libs.hamcrest.javadoc" value="" />
    <property name="libs.spring-framework400.javadoc" value="" />
    <property name="do.jar" value="true" />
    <property name="java.vm.info" value="mixed mode, sharing" />
    <property name="libs.primefaces.classpath" value="E:\netbeans\NetBeans-12.5\netbeans\enterprise\modules\ext\primefaces\primefaces-5.0.jar" />
    <property name="libs.jaxws21.maven-pom" value="" />
    <property name="run.test.classpath" value="/home/lamvu/Desktop/SWT/mockito-core-4.0.0.jar:/home/lamvu/Desktop/SWT/byte-buddy-1.11.19.jar:/home/lamvu/Desktop/SWT/byte-buddy-agent-1.11.19.jar:/home/lamvu/Desktop/SWT/objenesis-3.2.jar:/home/lamvu/Desktop/SWT/powermock-api-mockito-common-1.6.6.jar:/home/lamvu/Desktop/SWT/mockito-inline-3.8.0.jar:D:\Download\mokito\mockito-core-3.12.4.jar:build/classes:E:\netbeans\NetBeans-12.5\netbeans\platform\modules\ext\junit-4.13.2.jar:E:\netbeans\NetBeans-12.5\netbeans\platform\modules\ext\hamcrest-core-1.3.jar:build/test/classes" />
    <property name="java.class.version" value="61.0" />
    <property name="javadoc.encoding.used" value="UTF-8" />
    <property name="src.dir" value="src" />
    <property name="debug.classpath" value="/home/lamvu/Desktop/SWT/mockito-core-4.0.0.jar:/home/lamvu/Desktop/SWT/byte-buddy-1.11.19.jar:/home/lamvu/Desktop/SWT/byte-buddy-agent-1.11.19.jar:/home/lamvu/Desktop/SWT/objenesis-3.2.jar:/home/lamvu/Desktop/SWT/powermock-api-mockito-common-1.6.6.jar:/home/lamvu/Desktop/SWT/mockito-inline-3.8.0.jar:D:\Download\mokito\mockito-core-3.12.4.jar:build/classes" />
    <property name="ant.project.default-target" value="default" />
    <property name="excludes" value="" />
    <property name="libs.javaee-api-7.0.src" value="" />
    <property name="sun.jnu.encoding" value="Cp1252" />
    <property name="run.test.jvmargs" value="" />
    <property name="libs.junit_4.javadoc" value="E:\netbeans\NetBeans-12.5\netbeans\platform\docs\junit-4.13.2-javadoc.jar" />
    <property name="libs.spring-webmvc4.0.src" value="" />
    <property name="sun.java2d.dpiaware" value="true" />
    <property name="main.class.available" value="true" />
    <property name="libs.jsf20.javadoc" value="E:\netbeans\NetBeans-12.5\netbeans\enterprise\docs\javaee-doc-api.jar" />
    <property name="ant.file.type.LabPrj6_FruitShopMgmt" value="file" />
    <property name="netbeans.importclass" value="org.netbeans.upgrade.AutoUpgrade" />
    <property name="netbeans.autoupdate.version" value="1.23" />
    <property name="empty.dir" value="D:\FU\Fall21\SWT301\PT1_code_update\Fruit-Shop\build\empty" />
    <property name="netbeans.user" value="C:\Users\Pumpkin\AppData\Roaming\NetBeans\12.5" />
    <property name="javac.includes.binary" value="D:\FU\Fall21\SWT301\PT1_code_update\Fruit-Shop\build\test\classes\yennthhe141078\UserManagerTest.class" />
    <property name="file.separator" value="\" />
    <property name="line.separator" value="&#xd;&#xa;" />
    <property name="file.reference.mockito-core-3.12.4.jar" value="D:\Download\mokito\mockito-core-3.12.4.jar" />
    <property name="javadoc.additionalparam" value="" />
    <property name="libs.spring-webmvc5.0.classpath" value="E:\netbeans\NetBeans-12.5\netbeans\java\modules\ext\spring-5\spring-webmvc-5.2.9.RELEASE.jar" />
    <property name="test.method" value="testCheckLogin" />
    <property name="libs.restlib.maven-pom" value="" />
    <property name="javac.debug" value="true" />
    <property name="libs.testng.classpath" value="E:\netbeans\NetBeans-12.5\netbeans\platform\modules\ext\testng-6.14.3.jar;E:\netbeans\NetBeans-12.5\netbeans\platform\modules\ext\jcommander-1.78.jar" />
    <property name="libs.jsp-compiler.src" value="" />
    <property name="user.name" value="Pumpkin" />
    <property name="build.classes.dir" value="build/classes" />
    <property name="nb.junit.single" value="true" />
    <property name="javadoc.windowtitle" value="" />
    <property name="nb.internal.action.name" value="debug.single.method" />
    <property name="libs.javaee-api-8.0.maven-pom" value="" />
    <property name="libs.jaxws21.src" value="" />
    <property name="file.reference.powermock-api-mockito-common-1.6.6.jar" value="/home/lamvu/Desktop/SWT/powermock-api-mockito-common-1.6.6.jar" />
    <property name="libs.jakartaee-web-api-9.0.javadoc" value="E:\netbeans\NetBeans-12.5\netbeans\enterprise\docs\jakartaee9-doc-api.jar" />
    <property name="jna.loaded" value="true" />
    <property name="libs.junit_5.maven-pom" value="" />
    <property name="libs.jpa20-persistence.javadoc" value="E:\netbeans\NetBeans-12.5\netbeans\java\modules\ext\docs\javax.persistence-2.2.1-doc.zip" />
    <property name="ant.junit.enabletestlistenerevents" value="true" />
    <property name="libs.JWSAntTasks.src" value="" />
    <property name="libs.spring-webmvc3.0.src" value="" />
    <property name="ant.home" value="E:\netbeans\NetBeans-12.5\netbeans\extide\ant" />
    <property name="debug.test.classpath" value="/home/lamvu/Desktop/SWT/mockito-core-4.0.0.jar:/home/lamvu/Desktop/SWT/byte-buddy-1.11.19.jar:/home/lamvu/Desktop/SWT/byte-buddy-agent-1.11.19.jar:/home/lamvu/Desktop/SWT/objenesis-3.2.jar:/home/lamvu/Desktop/SWT/powermock-api-mockito-common-1.6.6.jar:/home/lamvu/Desktop/SWT/mockito-inline-3.8.0.jar:D:\Download\mokito\mockito-core-3.12.4.jar:build/classes:E:\netbeans\NetBeans-12.5\netbeans\platform\modules\ext\junit-4.13.2.jar:E:\netbeans\NetBeans-12.5\netbeans\platform\modules\ext\hamcrest-core-1.3.jar:build/test/classes" />
    <property name="have.tests" value="true" />
    <property name="javac.external.vm" value="true" />
    <property name="testng.debug.mode" value="" />
    <property name="javac.target" value="1.8" />
    <property name="ant.version" value="Apache Ant(TM) version 1.10.8 compiled on May 10 2020" />
    <property name="libs.absolutelayout.maven-pom" value="" />
    <property name="java.failonerror" value="true" />
    <property name="libs.spring-framework500.src" value="" />
    <property name="javac.modulepath" value="" />
    <property name="user.properties.file" value="C:\Users\Pumpkin\AppData\Roaming\NetBeans\12.5\build.properties" />
    <property name="libs.javaee-api-6.0.src" value="" />
    <property name="javac.includes" value="yennthhe141078/UserManagerTest.java" />
    <property name="netbeans.autoupdate.country" value="US" />
    <property name="java.class.path" value="E:\netbeans\NetBeans-12.5\netbeans\platform\lib\boot.jar;E:\netbeans\NetBeans-12.5\netbeans\platform\lib\org-openide-modules.jar;E:\netbeans\NetBeans-12.5\netbeans\platform\lib\org-openide-util-lookup.jar;E:\netbeans\NetBeans-12.5\netbeans\platform\lib\org-openide-util-ui.jar;E:\netbeans\NetBeans-12.5\netbeans\platform\lib\org-openide-util.jar" />
    <property name="libs.javaee-web-api-6.0.maven-pom" value="" />
    <property name="java.vm.vendor" value="Oracle Corporation" />
    <property name="ap.supported.internal" value="true" />
    <property name="user.variant" value="" />
    <property name="netbeans.home+have.tests" value="true" />
    <property name="test.binaryexcludes" value="" />
    <property name="javac.compilerargs" value="" />
    <property name="libs.jstl.maven-pom" value="" />
    <property name="libs.jakartaee-web-api-8.0.src" value="" />
    <property name="sun.cpu.endian" value="little" />
    <property name="libs.junit_4.src" value="E:\netbeans\NetBeans-12.5\netbeans\platform\docs\junit-4.13.2-sources.jar" />
    <property name="libs.jakartaee-api-9.0.src" value="" />
    <property name="user.language" value="en" />
    <property name="copylibs.rebase" value="true" />
    <property name="libs.javaee-web-api-6.0.src" value="" />
    <property name="maven.defaultProjectBuilder.disableGlobalModelCache" value="true" />
    <property name="javadoc.nonavbar" value="false" />
    <property name="libs.javaee-api-8.0.src" value="" />
    <property name="ant.java.version" value="17" />
    <property name="libs.junit_4.classpath" value="E:\netbeans\NetBeans-12.5\netbeans\platform\modules\ext\junit-4.13.2.jar" />
    <property name="libs.jakartaee-api-9.0.javadoc" value="E:\netbeans\NetBeans-12.5\netbeans\enterprise\docs\jakartaee9-doc-api.jar" />
    <property name="jlink.launcher.name" value="LabPrj6_FruitShopMgmt" />
    <property name="test.binarytestincludes" value="" />
    <property name="sun.awt.keepWorkingSetOnMinimize" value="true" />
    <property name="libs.junit_4.maven-pom" value="" />
    <property name="libs.spring-webmvc5.0.maven-pom" value="" />
    <property name="libs.jsp-compiler.maven-pom" value="" />
    <property name="runtime.encoding" value="UTF-8" />
    <property name="javac.classpath" value="/home/lamvu/Desktop/SWT/mockito-core-4.0.0.jar:/home/lamvu/Desktop/SWT/byte-buddy-1.11.19.jar:/home/lamvu/Desktop/SWT/byte-buddy-agent-1.11.19.jar:/home/lamvu/Desktop/SWT/objenesis-3.2.jar:/home/lamvu/Desktop/SWT/powermock-api-mockito-common-1.6.6.jar:/home/lamvu/Desktop/SWT/mockito-inline-3.8.0.jar:D:\Download\mokito\mockito-core-3.12.4.jar" />
    <property name="libs.jakartaee-web-api-8.0.classpath" value="E:\netbeans\NetBeans-12.5\netbeans\enterprise\modules\ext\jakarta.jakartaee-web-api-8.0.0.jar" />
    <property name="file.reference.mockito-inline-4.0.0.jar" value="C:\Users\Lenovo\Downloads\mockito-inline-4.0.0.jar" />
    <property name="nb.junit.batch" value="false" />
    <property name="build.test.classes.dir" value="build/test/classes" />
    <property name="libs.spring-framework300.maven-pom" value="" />
    <property name="ant.project.invoked-targets" value="debug-single-method" />
    <property name="libs.jstl.classpath" value="E:\netbeans\NetBeans-12.5\netbeans\enterprise\modules\ext\jstl-impl.jar;E:\netbeans\NetBeans-12.5\netbeans\enterprise\modules\ext\jstl-api.jar" />
    <property name="ap.cmd.line.internal" value="" />
    <property name="libs.PostgreSQLDriver.src" value="" />
    <property name="java.vendor.url.bug" value="https://bugreport.java.com/bugreport/" />
    <property name="annotation.processing.source.output" value="build/generated-sources/ap-source-output" />
    <property name="user.dir" value="E:\netbeans\NetBeans-12.5" />
    <property name="libs.javaee-endorsed-api-6.0.maven-pom" value="" />
    <property name="platform.java" value="E:\JDK/bin/java" />
    <property name="application.args" value="" />
    <property name="org.xml.sax.driver" value="com.sun.org.apache.xerces.internal.jaxp.SAXParserImpl$JAXPSAXParser" />
    <property name="libs.jakartaee-web-api-8.0.maven-pom" value="" />
    <property name="libs.eclipselink.src" value="" />
    <property name="java.vm.version" value="17+35-LTS-2724" />
    <property name="libs.metro.javadoc" value="E:\netbeans\NetBeans-12.5\netbeans\enterprise\docs\webservices-api-javadoc.jar;E:\netbeans\NetBeans-12.5\netbeans\enterprise\docs\webservices-extra-javadoc.jar;E:\netbeans\NetBeans-12.5\netbeans\enterprise\docs\webservices-extra-api-javadoc.jar;E:\netbeans\NetBeans-12.5\netbeans\enterprise\docs\webservices-rt-javadoc.jar;E:\netbeans\NetBeans-12.5\netbeans\enterprise\docs\webservices-tools-javadoc.jar" />
    <property name="libs.jakartaee-web-api-9.0.src" value="" />
    <property name="sun.awt.datatransfer.timeout" value="1000" />
    <property name="test.class" value="yennthhe141078.UserManagerTest" />
    <property name="libs.javaee-web-api-7.0.src" value="" />
    <property name="junit.forkmode" value="perTest" />
    <property name="libs.jsp-compiler.classpath" value="E:\netbeans\NetBeans-12.5\netbeans\enterprise\ant\extra\jspcompile.jar" />
    <property name="libs.jakartaee-api-8.0.src" value="" />
    <property name="annotation.processing.run.all.processors" value="true" />
    <property name="libs.javaee-endorsed-api-6.0.classpath" value="E:\netbeans\NetBeans-12.5\netbeans\enterprise\modules\ext\javaee6-endorsed\javax.annotation.jar;E:\netbeans\NetBeans-12.5\netbeans\enterprise\modules\ext\javaee6-endorsed\jaxb-api-osgi.jar;E:\netbeans\NetBeans-12.5\netbeans\enterprise\modules\ext\javaee6-endorsed\webservices-api-osgi.jar" />
  </properties>
  <testcase classname="yennthhe141078.UserManagerTest" name="testCheckLogin" time="0.0">
    <error message="Forked Java VM exited abnormally. Please note the time in the report does not reflect the time until the VM exit." type="junit.framework.AssertionFailedError">junit.framework.AssertionFailedError: Forked Java VM exited abnormally. Please note the time in the report does not reflect the time until the VM exit.
	at jdk.internal.reflect.GeneratedMethodAccessor63.invoke(Unknown Source)
	at java.base/jdk.internal.reflect.DelegatingMethodAccessorImpl.invoke(DelegatingMethodAccessorImpl.java:43)
	at java.base/java.util.Vector.forEach(Vector.java:1359)
	at jdk.internal.reflect.GeneratedMethodAccessor63.invoke(Unknown Source)
	at java.base/jdk.internal.reflect.DelegatingMethodAccessorImpl.invoke(DelegatingMethodAccessorImpl.java:43)
	at jdk.internal.reflect.GeneratedMethodAccessor63.invoke(Unknown Source)
	at java.base/jdk.internal.reflect.DelegatingMethodAccessorImpl.invoke(DelegatingMethodAccessorImpl.java:43)
	at java.base/java.util.Vector.forEach(Vector.java:1359)
	at jdk.internal.reflect.GeneratedMethodAccessor63.invoke(Unknown Source)
	at java.base/jdk.internal.reflect.DelegatingMethodAccessorImpl.invoke(DelegatingMethodAccessorImpl.java:43)
	at jdk.internal.reflect.GeneratedMethodAccessor63.invoke(Unknown Source)
	at java.base/jdk.internal.reflect.DelegatingMethodAccessorImpl.invoke(DelegatingMethodAccessorImpl.java:43)
	at java.base/java.util.Vector.forEach(Vector.java:1359)
	at jdk.internal.reflect.GeneratedMethodAccessor63.invoke(Unknown Source)
	at java.base/jdk.internal.reflect.DelegatingMethodAccessorImpl.invoke(DelegatingMethodAccessorImpl.java:43)
	at jdk.internal.reflect.GeneratedMethodAccessor63.invoke(Unknown Source)
	at java.base/jdk.internal.reflect.DelegatingMethodAccessorImpl.invoke(DelegatingMethodAccessorImpl.java:43)
	at java.base/java.util.Vector.forEach(Vector.java:1359)
	at jdk.internal.reflect.GeneratedMethodAccessor63.invoke(Unknown Source)
	at java.base/jdk.internal.reflect.DelegatingMethodAccessorImpl.invoke(DelegatingMethodAccessorImpl.java:43)
	at jdk.internal.reflect.GeneratedMethodAccessor63.invoke(Unknown Source)
	at java.base/jdk.internal.reflect.DelegatingMethodAccessorImpl.invoke(DelegatingMethodAccessorImpl.java:43)
	at org.netbeans.core.execution.RunClassThread.doRun(RunClassThread.java:132)
	at org.netbeans.modules.openide.util.GlobalLookup.execute(GlobalLookup.java:45)
	at org.openide.util.lookup.Lookups.executeWith(Lookups.java:278)
	at org.netbeans.core.execution.RunClassThread.run(RunClassThread.java:81)
</error>
  </testcase>
</testsuite>
